{"/Users/dmitrigrabov/workspace/data-helper-sheets/src/client/utils/serverFunctions.ts": {"path":"/Users/dmitrigrabov/workspace/data-helper-sheets/src/client/utils/serverFunctions.ts","statementMap":{"0":{"start":{"line":4,"column":28},"end":{"line":8,"column":2}},"1":{"start":{"line":7,"column":4},"end":{"line":7,"column":56}}},"fnMap":{"0":{"name":"(anonymous_0)","decl":{"start":{"line":6,"column":29},"end":{"line":6,"column":30}},"loc":{"start":{"line":7,"column":4},"end":{"line":7,"column":56}},"line":7}},"branchMap":{},"s":{"0":0,"1":0},"f":{"0":0},"b":{}}
,"/Users/dmitrigrabov/workspace/data-helper-sheets/src/server/format.ts": {"path":"/Users/dmitrigrabov/workspace/data-helper-sheets/src/server/format.ts","statementMap":{"0":{"start":{"line":79,"column":26},"end":{"line":79,"column":38}},"1":{"start":{"line":80,"column":26},"end":{"line":80,"column":36}},"2":{"start":{"line":81,"column":30},"end":{"line":81,"column":51}}},"fnMap":{},"branchMap":{},"s":{"0":0,"1":0,"2":0},"f":{},"b":{}}
,"/Users/dmitrigrabov/workspace/data-helper-sheets/src/server/index.ts": {"path":"/Users/dmitrigrabov/workspace/data-helper-sheets/src/server/index.ts","statementMap":{},"fnMap":{},"branchMap":{},"s":{},"f":{},"b":{}}
,"/Users/dmitrigrabov/workspace/data-helper-sheets/src/server/lib/reportTypeErrors/index.ts": {"path":"/Users/dmitrigrabov/workspace/data-helper-sheets/src/server/lib/reportTypeErrors/index.ts","statementMap":{},"fnMap":{},"branchMap":{},"s":{},"f":{},"b":{}}
,"/Users/dmitrigrabov/workspace/data-helper-sheets/src/server/lib/returnValidModel/index.ts": {"path":"/Users/dmitrigrabov/workspace/data-helper-sheets/src/server/lib/returnValidModel/index.ts","statementMap":{},"fnMap":{},"branchMap":{},"s":{},"f":{},"b":{}}
,"/Users/dmitrigrabov/workspace/data-helper-sheets/src/server/lib/sheets/getNthChar.ts": {"path":"/Users/dmitrigrabov/workspace/data-helper-sheets/src/server/lib/sheets/getNthChar.ts","statementMap":{},"fnMap":{},"branchMap":{},"s":{},"f":{},"b":{}}
,"/Users/dmitrigrabov/workspace/data-helper-sheets/src/server/lib/sheets/initialiseSheet.ts": {"path":"/Users/dmitrigrabov/workspace/data-helper-sheets/src/server/lib/sheets/initialiseSheet.ts","statementMap":{"0":{"start":{"line":4,"column":31},"end":{"line":10,"column":1}},"1":{"start":{"line":5,"column":17},"end":{"line":5,"column":28}},"2":{"start":{"line":7,"column":2},"end":{"line":9,"column":4}},"3":{"start":{"line":8,"column":4},"end":{"line":8,"column":21}}},"fnMap":{"0":{"name":"(anonymous_0)","decl":{"start":{"line":4,"column":31},"end":{"line":4,"column":32}},"loc":{"start":{"line":4,"column":37},"end":{"line":10,"column":1}},"line":4},"1":{"name":"(anonymous_1)","decl":{"start":{"line":7,"column":30},"end":{"line":7,"column":31}},"loc":{"start":{"line":7,"column":41},"end":{"line":9,"column":3}},"line":7}},"branchMap":{},"s":{"0":0,"1":0,"2":0,"3":0},"f":{"0":0,"1":0},"b":{}}
,"/Users/dmitrigrabov/workspace/data-helper-sheets/src/server/lib/sheets/ui.ts": {"path":"/Users/dmitrigrabov/workspace/data-helper-sheets/src/server/lib/sheets/ui.ts","statementMap":{"0":{"start":{"line":3,"column":22},"end":{"line":12,"column":1}},"1":{"start":{"line":4,"column":15},"end":{"line":9,"column":55}},"2":{"start":{"line":11,"column":2},"end":{"line":11,"column":16}},"3":{"start":{"line":14,"column":35},"end":{"line":14,"column":58}},"4":{"start":{"line":14,"column":41},"end":{"line":14,"column":58}},"5":{"start":{"line":16,"column":26},"end":{"line":21,"column":1}},"6":{"start":{"line":17,"column":15},"end":{"line":19,"column":19}},"7":{"start":{"line":20,"column":2},"end":{"line":20,"column":62}},"8":{"start":{"line":23,"column":35},"end":{"line":28,"column":1}},"9":{"start":{"line":24,"column":15},"end":{"line":26,"column":19}},"10":{"start":{"line":27,"column":2},"end":{"line":27,"column":74}},"11":{"start":{"line":30,"column":32},"end":{"line":33,"column":1}},"12":{"start":{"line":31,"column":15},"end":{"line":31,"column":73}},"13":{"start":{"line":32,"column":2},"end":{"line":32,"column":42}}},"fnMap":{"0":{"name":"(anonymous_0)","decl":{"start":{"line":3,"column":22},"end":{"line":3,"column":23}},"loc":{"start":{"line":3,"column":28},"end":{"line":12,"column":1}},"line":3},"1":{"name":"(anonymous_1)","decl":{"start":{"line":14,"column":35},"end":{"line":14,"column":36}},"loc":{"start":{"line":14,"column":41},"end":{"line":14,"column":58}},"line":14},"2":{"name":"(anonymous_2)","decl":{"start":{"line":16,"column":26},"end":{"line":16,"column":27}},"loc":{"start":{"line":16,"column":32},"end":{"line":21,"column":1}},"line":16},"3":{"name":"(anonymous_3)","decl":{"start":{"line":23,"column":35},"end":{"line":23,"column":36}},"loc":{"start":{"line":23,"column":41},"end":{"line":28,"column":1}},"line":23},"4":{"name":"(anonymous_4)","decl":{"start":{"line":30,"column":32},"end":{"line":30,"column":33}},"loc":{"start":{"line":30,"column":38},"end":{"line":33,"column":1}},"line":30}},"branchMap":{},"s":{"0":0,"1":0,"2":0,"3":0,"4":0,"5":0,"6":0,"7":0,"8":0,"9":0,"10":0,"11":0,"12":0,"13":0},"f":{"0":0,"1":0,"2":0,"3":0,"4":0},"b":{}}
,"/Users/dmitrigrabov/workspace/data-helper-sheets/src/server/model/types.ts": {"path":"/Users/dmitrigrabov/workspace/data-helper-sheets/src/server/model/types.ts","statementMap":{"0":{"start":{"line":3,"column":26},"end":{"line":9,"column":2}},"1":{"start":{"line":11,"column":31},"end":{"line":15,"column":2}}},"fnMap":{},"branchMap":{},"s":{"0":0,"1":0},"f":{},"b":{}}
,"/Users/dmitrigrabov/workspace/data-helper-sheets/src/server/model/exportAssociation/types.ts": {"path":"/Users/dmitrigrabov/workspace/data-helper-sheets/src/server/model/exportAssociation/types.ts","statementMap":{"0":{"start":{"line":4,"column":38},"end":{"line":10,"column":2}}},"fnMap":{},"branchMap":{},"s":{"0":0},"f":{},"b":{}}
,"/Users/dmitrigrabov/workspace/data-helper-sheets/src/server/model/exportEvent/types.ts": {"path":"/Users/dmitrigrabov/workspace/data-helper-sheets/src/server/model/exportEvent/types.ts","statementMap":{"0":{"start":{"line":7,"column":32},"end":{"line":16,"column":2}}},"fnMap":{},"branchMap":{},"s":{"0":0},"f":{},"b":{}}
,"/Users/dmitrigrabov/workspace/data-helper-sheets/src/server/model/exportSource/types.ts": {"path":"/Users/dmitrigrabov/workspace/data-helper-sheets/src/server/model/exportSource/types.ts","statementMap":{"0":{"start":{"line":4,"column":33},"end":{"line":11,"column":2}}},"fnMap":{},"branchMap":{},"s":{"0":0},"f":{},"b":{}}
}
